[debug] [2025-01-24T16:10:31.610Z] ----------------------------------------------------------------------
[debug] [2025-01-24T16:10:31.612Z] Command:       C:\Program Files\nodejs\node.exe C:\Users\Enrique\AppData\Roaming\npm\node_modules\firebase-tools\lib\bin\firebase.js deploy
[debug] [2025-01-24T16:10:31.613Z] CLI Version:   13.29.1
[debug] [2025-01-24T16:10:31.613Z] Platform:      win32
[debug] [2025-01-24T16:10:31.613Z] Node Version:  v20.13.1
[debug] [2025-01-24T16:10:31.613Z] Time:          Fri Jan 24 2025 11:10:31 GMT-0500 (hora estándar de Perú)
[debug] [2025-01-24T16:10:31.613Z] ----------------------------------------------------------------------
[debug] 
[debug] [2025-01-24T16:10:31.616Z] >>> [apiv2][query] GET https://firebase-public.firebaseio.com/cli.json [none]
[debug] [2025-01-24T16:10:31.721Z] > command requires scopes: ["email","openid","https://www.googleapis.com/auth/cloudplatformprojects.readonly","https://www.googleapis.com/auth/firebase","https://www.googleapis.com/auth/cloud-platform"]
[debug] [2025-01-24T16:10:31.721Z] > authorizing via signed-in user (enrique.mendo@sistemas.com.pe)
[debug] [2025-01-24T16:10:31.722Z] [iam] checking project geniuscvmaker for permissions ["firebase.projects.get","firebasehosting.sites.update"]
[debug] [2025-01-24T16:10:31.722Z] Checked if tokens are valid: false, expires at: 1737414706081
[debug] [2025-01-24T16:10:31.722Z] Checked if tokens are valid: false, expires at: 1737414706081
[debug] [2025-01-24T16:10:31.723Z] > refreshing access token with scopes: []
[debug] [2025-01-24T16:10:31.724Z] >>> [apiv2][query] POST https://www.googleapis.com/oauth2/v3/token [none]
[debug] [2025-01-24T16:10:31.724Z] >>> [apiv2][body] POST https://www.googleapis.com/oauth2/v3/token [omitted]
[debug] [2025-01-24T16:10:31.915Z] <<< [apiv2][status] POST https://www.googleapis.com/oauth2/v3/token 200
[debug] [2025-01-24T16:10:31.915Z] <<< [apiv2][body] POST https://www.googleapis.com/oauth2/v3/token [omitted]
[debug] [2025-01-24T16:10:31.931Z] >>> [apiv2][query] POST https://cloudresourcemanager.googleapis.com/v1/projects/geniuscvmaker:testIamPermissions [none]
[debug] [2025-01-24T16:10:31.931Z] >>> [apiv2][(partial)header] POST https://cloudresourcemanager.googleapis.com/v1/projects/geniuscvmaker:testIamPermissions x-goog-quota-user=projects/geniuscvmaker
[debug] [2025-01-24T16:10:31.931Z] >>> [apiv2][body] POST https://cloudresourcemanager.googleapis.com/v1/projects/geniuscvmaker:testIamPermissions {"permissions":["firebase.projects.get","firebasehosting.sites.update"]}
[debug] [2025-01-24T16:10:32.183Z] <<< [apiv2][status] GET https://firebase-public.firebaseio.com/cli.json 200
[debug] [2025-01-24T16:10:32.183Z] <<< [apiv2][body] GET https://firebase-public.firebaseio.com/cli.json {"cloudBuildErrorAfter":1594252800000,"cloudBuildWarnAfter":1590019200000,"defaultNode10After":1594252800000,"minVersion":"3.0.5","node8DeploysDisabledAfter":1613390400000,"node8RuntimeDisabledAfter":1615809600000,"node8WarnAfter":1600128000000}
[debug] [2025-01-24T16:10:32.907Z] <<< [apiv2][status] POST https://cloudresourcemanager.googleapis.com/v1/projects/geniuscvmaker:testIamPermissions 200
[debug] [2025-01-24T16:10:32.907Z] <<< [apiv2][body] POST https://cloudresourcemanager.googleapis.com/v1/projects/geniuscvmaker:testIamPermissions {"permissions":["firebase.projects.get","firebasehosting.sites.update"]}
[debug] [2025-01-24T16:10:32.908Z] Checked if tokens are valid: true, expires at: 1737738630915
[debug] [2025-01-24T16:10:32.908Z] Checked if tokens are valid: true, expires at: 1737738630915
[debug] [2025-01-24T16:10:32.908Z] >>> [apiv2][query] GET https://firebase.googleapis.com/v1beta1/projects/geniuscvmaker [none]
[debug] [2025-01-24T16:10:33.563Z] <<< [apiv2][status] GET https://firebase.googleapis.com/v1beta1/projects/geniuscvmaker 200
[debug] [2025-01-24T16:10:33.563Z] <<< [apiv2][body] GET https://firebase.googleapis.com/v1beta1/projects/geniuscvmaker {"projectId":"geniuscvmaker","projectNumber":"442199872598","displayName":"GeniusCVMaker","name":"projects/geniuscvmaker","resources":{"hostingSite":"geniuscvmaker","storageBucket":"geniuscvmaker.appspot.com","locationId":"us-central"},"state":"ACTIVE","etag":"1_3ed6b6a6-caaf-4007-9a5b-bc0b5dd6ad2a"}
[debug] [2025-01-24T16:10:36.657Z] Checked if tokens are valid: true, expires at: 1737738630915
[debug] [2025-01-24T16:10:36.657Z] Checked if tokens are valid: true, expires at: 1737738630915
[debug] [2025-01-24T16:10:36.657Z] >>> [apiv2][query] GET https://firebasehosting.googleapis.com/v1beta1/projects/geniuscvmaker/sites pageToken=&pageSize=10
[debug] [2025-01-24T16:10:38.133Z] <<< [apiv2][status] GET https://firebasehosting.googleapis.com/v1beta1/projects/geniuscvmaker/sites 200
[debug] [2025-01-24T16:10:38.133Z] <<< [apiv2][body] GET https://firebasehosting.googleapis.com/v1beta1/projects/geniuscvmaker/sites {"sites":[{"name":"projects/geniuscvmaker/sites/geniuscvmaker","defaultUrl":"https://geniuscvmaker.web.app","appId":"1:442199872598:web:e72884637f2d2122cd17f7","type":"DEFAULT_SITE"}]}
[debug] [2025-01-24T16:10:38.133Z] Checked if tokens are valid: true, expires at: 1737738630915
[debug] [2025-01-24T16:10:38.133Z] Checked if tokens are valid: true, expires at: 1737738630915
[debug] [2025-01-24T16:10:38.134Z] >>> [apiv2][query] GET https://firebase.googleapis.com/v1beta1/projects/-/webApps/1:442199872598:web:e72884637f2d2122cd17f7/config [none]
[debug] [2025-01-24T16:10:38.582Z] <<< [apiv2][status] GET https://firebase.googleapis.com/v1beta1/projects/-/webApps/1:442199872598:web:e72884637f2d2122cd17f7/config 200
[debug] [2025-01-24T16:10:38.582Z] <<< [apiv2][body] GET https://firebase.googleapis.com/v1beta1/projects/-/webApps/1:442199872598:web:e72884637f2d2122cd17f7/config {"projectId":"geniuscvmaker","appId":"1:442199872598:web:e72884637f2d2122cd17f7","storageBucket":"geniuscvmaker.appspot.com","locationId":"us-central","apiKey":"AIzaSyAQZEqtj4YVoTvdaGTntxdAyLdHCEGsJeU","authDomain":"geniuscvmaker.firebaseapp.com","messagingSenderId":"442199872598","measurementId":"G-6EHKQH512D"}
